2024-01-22 21:44:03,410 INFO [JavaFX Application Thread] c.m.Main [HelloApplication.java:36] Program je pokrenut...
2024-01-22 21:44:59,697 INFO [JavaFX Application Thread] c.m.Main [HelloApplication.java:36] Program je pokrenut...
2024-01-22 21:46:25,484 INFO [JavaFX Application Thread] c.m.Main [HelloApplication.java:36] Program je pokrenut...
2024-01-22 21:48:30,882 INFO [JavaFX Application Thread] c.m.Main [HelloApplication.java:36] Program je pokrenut...
2024-01-23 21:24:34,847 INFO [JavaFX Application Thread] c.m.Main [HelloApplication.java:36] Program je pokrenut...
2024-01-23 21:26:17,096 INFO [JavaFX Application Thread] c.m.Main [HelloApplication.java:36] Program je pokrenut...
2024-01-23 21:26:57,366 INFO [JavaFX Application Thread] c.m.Main [HelloApplication.java:36] Program je pokrenut...
2024-01-23 21:32:40,633 INFO [JavaFX Application Thread] c.m.Main [HelloApplication.java:36] Program je pokrenut...
2024-01-23 21:42:27,631 INFO [JavaFX Application Thread] c.m.Main [HelloApplication.java:35] Program je pokrenut...
2024-01-24 21:41:30,571 INFO [JavaFX Application Thread] c.m.Main [HelloApplication.java:35] Program je pokrenut...
2024-01-24 21:42:51,457 INFO [JavaFX Application Thread] c.m.Main [HelloApplication.java:35] Program je pokrenut...
2024-01-24 21:43:39,002 INFO [JavaFX Application Thread] c.m.Main [HelloApplication.java:35] Program je pokrenut...
2024-01-24 21:49:22,657 INFO [JavaFX Application Thread] c.m.Main [HelloApplication.java:35] Program je pokrenut...
2024-01-26 21:43:29,291 INFO [JavaFX Application Thread] c.m.Main [HelloApplication.java:36] Program je pokrenut...
2024-01-26 21:44:05,274 INFO [JavaFX Application Thread] c.m.Main [HelloApplication.java:36] Program je pokrenut...
2024-01-26 21:49:51,661 INFO [JavaFX Application Thread] c.m.Main [HelloApplication.java:36] Program je pokrenut...
2024-01-26 21:51:17,325 INFO [JavaFX Application Thread] c.m.Main [HelloApplication.java:36] Program je pokrenut...
2024-01-26 21:52:03,577 INFO [JavaFX Application Thread] c.m.Main [HelloApplication.java:36] Program je pokrenut...
2024-01-26 21:52:22,635 INFO [JavaFX Application Thread] c.m.Main [HelloApplication.java:36] Program je pokrenut...
2024-01-26 21:55:21,982 INFO [JavaFX Application Thread] c.m.Main [HelloApplication.java:36] Program je pokrenut...
2024-01-29 12:30:55,100 INFO [JavaFX Application Thread] c.m.Main [HelloApplication.java:36] Program je pokrenut...
2024-01-29 12:32:07,233 INFO [JavaFX Application Thread] c.m.Main [HelloApplication.java:36] Program je pokrenut...
2024-01-29 12:33:14,550 INFO [JavaFX Application Thread] c.m.Main [HelloApplication.java:36] Program je pokrenut...
2024-01-29 12:33:59,979 INFO [JavaFX Application Thread] c.m.Main [HelloApplication.java:36] Program je pokrenut...
2024-01-29 12:34:48,650 INFO [JavaFX Application Thread] c.m.Main [HelloApplication.java:36] Program je pokrenut...
2024-01-29 12:35:50,885 INFO [JavaFX Application Thread] c.m.Main [HelloApplication.java:36] Program je pokrenut...
2024-01-29 12:36:29,605 INFO [JavaFX Application Thread] c.m.Main [HelloApplication.java:36] Program je pokrenut...
2024-01-29 12:36:59,438 INFO [JavaFX Application Thread] c.m.Main [HelloApplication.java:36] Program je pokrenut...
2024-01-29 12:37:52,078 INFO [JavaFX Application Thread] c.m.Main [HelloApplication.java:36] Program je pokrenut...
2024-01-29 12:38:35,538 INFO [JavaFX Application Thread] c.m.Main [HelloApplication.java:36] Program je pokrenut...
2024-01-29 12:40:14,405 INFO [JavaFX Application Thread] c.m.Main [HelloApplication.java:36] Program je pokrenut...
2024-01-29 12:40:58,822 INFO [JavaFX Application Thread] c.m.Main [HelloApplication.java:36] Program je pokrenut...
2024-01-29 12:41:34,277 INFO [JavaFX Application Thread] c.m.Main [HelloApplication.java:36] Program je pokrenut...
2024-01-29 12:42:09,292 INFO [JavaFX Application Thread] c.m.Main [HelloApplication.java:36] Program je pokrenut...
2024-01-29 12:42:31,834 INFO [JavaFX Application Thread] c.m.Main [HelloApplication.java:36] Program je pokrenut...
2024-01-29 12:43:27,094 INFO [JavaFX Application Thread] c.m.Main [HelloApplication.java:36] Program je pokrenut...
2024-01-29 12:45:52,378 INFO [JavaFX Application Thread] c.m.Main [HelloApplication.java:36] Program je pokrenut...
2024-01-29 12:48:11,455 INFO [JavaFX Application Thread] c.m.Main [HelloApplication.java:36] Program je pokrenut...
2024-01-29 13:25:48,773 INFO [JavaFX Application Thread] c.m.Main [HelloApplication.java:42] Program je pokrenut...
2024-01-29 13:26:18,597 INFO [JavaFX Application Thread] c.m.Main [HelloApplication.java:42] Program je pokrenut...
2024-01-30 19:28:25,671 INFO [JavaFX Application Thread] c.m.Main [HelloApplication.java:40] Program je pokrenut...
2024-01-30 20:34:14,984 INFO [JavaFX Application Thread] c.m.Main [HelloApplication.java:41] Program je pokrenut...
2024-01-30 20:50:36,280 INFO [JavaFX Application Thread] c.m.Main [HelloApplication.java:42] Program je pokrenut...
2024-01-31 13:31:50,301 INFO [JavaFX Application Thread] c.m.Main [HelloApplication.java:41] Program je pokrenut...
2024-01-31 13:32:11,605 INFO [JavaFX Application Thread] c.m.Main [HelloApplication.java:41] Program je pokrenut...
2024-01-31 13:32:31,808 INFO [JavaFX Application Thread] c.m.Main [HelloApplication.java:41] Program je pokrenut...
2024-01-31 13:33:53,013 INFO [JavaFX Application Thread] c.m.Main [HelloApplication.java:41] Program je pokrenut...
2024-01-31 13:36:09,850 INFO [JavaFX Application Thread] c.m.Main [HelloApplication.java:41] Program je pokrenut...
2024-01-31 13:36:53,518 INFO [JavaFX Application Thread] c.m.Main [HelloApplication.java:41] Program je pokrenut...
2024-01-31 13:39:16,146 INFO [JavaFX Application Thread] c.m.Main [HelloApplication.java:41] Program je pokrenut...
2024-02-02 12:42:10,558 INFO [JavaFX Application Thread] c.m.Main [HelloApplication.java:41] Program je pokrenut...
2024-02-02 12:43:12,775 INFO [JavaFX Application Thread] c.m.Main [HelloApplication.java:41] Program je pokrenut...
2024-02-02 12:45:10,885 INFO [JavaFX Application Thread] c.m.Main [HelloApplication.java:41] Program je pokrenut...
2024-02-02 12:46:05,553 INFO [JavaFX Application Thread] c.m.Main [HelloApplication.java:41] Program je pokrenut...
2024-02-02 13:45:58,338 INFO [JavaFX Application Thread] c.m.Main [HelloApplication.java:43] Program je pokrenut...
2024-02-02 13:46:52,894 INFO [JavaFX Application Thread] c.m.Main [HelloApplication.java:43] Program je pokrenut...
2024-02-03 14:02:25,434 INFO [JavaFX Application Thread] c.m.Main [HelloApplication.java:43] Program je pokrenut...
2024-02-03 14:03:00,576 INFO [JavaFX Application Thread] c.m.Main [HelloApplication.java:43] Program je pokrenut...
2024-02-03 14:03:58,967 INFO [JavaFX Application Thread] c.m.Main [HelloApplication.java:43] Program je pokrenut...
2024-02-03 14:04:46,089 INFO [JavaFX Application Thread] c.m.Main [HelloApplication.java:43] Program je pokrenut...
2024-02-03 14:07:51,785 INFO [JavaFX Application Thread] c.m.Main [HelloApplication.java:43] Program je pokrenut...
2024-02-03 14:56:11,740 INFO [JavaFX Application Thread] c.m.Main [HelloApplication.java:43] Program je pokrenut...
2024-02-03 14:59:51,535 INFO [JavaFX Application Thread] c.m.Main [HelloApplication.java:43] Program je pokrenut...
2024-02-03 15:01:59,217 INFO [JavaFX Application Thread] c.m.Main [HelloApplication.java:43] Program je pokrenut...
2024-02-03 15:25:05,493 INFO [JavaFX Application Thread] c.m.Main [HelloApplication.java:43] Program je pokrenut...
2024-02-03 15:29:37,697 INFO [JavaFX Application Thread] c.m.Main [HelloApplication.java:43] Program je pokrenut...
2024-02-03 15:33:10,118 INFO [JavaFX Application Thread] c.m.Main [HelloApplication.java:43] Program je pokrenut...
2024-02-03 15:40:31,102 INFO [JavaFX Application Thread] c.m.Main [HelloApplication.java:43] Program je pokrenut...
2024-02-03 17:48:16,354 INFO [JavaFX Application Thread] c.m.Main [HelloApplication.java:46] Program je pokrenut...
2024-02-03 17:51:41,478 INFO [JavaFX Application Thread] c.m.Main [HelloApplication.java:46] Program je pokrenut...
2024-02-03 17:58:21,611 INFO [JavaFX Application Thread] c.m.Main [HelloApplication.java:46] Program je pokrenut...
2024-02-03 17:59:09,946 INFO [JavaFX Application Thread] c.m.Main [HelloApplication.java:46] Program je pokrenut...
2024-02-03 18:00:29,588 INFO [JavaFX Application Thread] c.m.Main [HelloApplication.java:46] Program je pokrenut...
2024-02-03 18:01:58,731 INFO [JavaFX Application Thread] c.m.Main [HelloApplication.java:46] Program je pokrenut...
2024-02-03 18:03:28,359 INFO [JavaFX Application Thread] c.m.Main [HelloApplication.java:46] Program je pokrenut...
2024-02-03 18:04:29,452 INFO [JavaFX Application Thread] c.m.Main [HelloApplication.java:46] Program je pokrenut...
2024-02-03 18:22:17,963 INFO [JavaFX Application Thread] c.m.Main [HelloApplication.java:46] Program je pokrenut...
2024-02-03 18:24:04,049 INFO [JavaFX Application Thread] c.m.Main [HelloApplication.java:46] Program je pokrenut...
2024-02-03 18:25:05,347 INFO [JavaFX Application Thread] c.m.Main [HelloApplication.java:46] Program je pokrenut...
2024-02-03 18:27:33,224 INFO [JavaFX Application Thread] c.m.Main [HelloApplication.java:46] Program je pokrenut...
2024-02-03 18:30:27,542 INFO [JavaFX Application Thread] c.m.Main [HelloApplication.java:46] Program je pokrenut...
2024-02-03 18:34:26,747 INFO [JavaFX Application Thread] c.m.Main [HelloApplication.java:46] Program je pokrenut...
2024-02-03 18:37:04,807 INFO [JavaFX Application Thread] c.m.Main [HelloApplication.java:46] Program je pokrenut...
2024-02-03 18:37:51,347 INFO [JavaFX Application Thread] c.m.Main [HelloApplication.java:46] Program je pokrenut...
2024-02-03 18:38:20,911 INFO [JavaFX Application Thread] c.m.Main [EnterNewCategoryController.java:85] Nisu uneseni podatci za promjenu kategorije
2024-02-03 18:40:17,472 INFO [JavaFX Application Thread] c.m.Main [HelloApplication.java:46] Program je pokrenut...
2024-02-03 18:40:49,825 INFO [JavaFX Application Thread] c.m.Main [EnterNewCategoryController.java:85] Nisu uneseni podatci za promjenu kategorije
2024-02-03 18:41:02,311 INFO [JavaFX Application Thread] c.m.Main [EnterNewCategoryController.java:92] Kategorija za promjenu nije izabrana
2024-02-03 18:45:31,609 INFO [JavaFX Application Thread] c.m.Main [HelloApplication.java:46] Program je pokrenut...
2024-02-03 18:48:08,396 INFO [JavaFX Application Thread] c.m.Main [HelloApplication.java:46] Program je pokrenut...
2024-02-03 18:50:03,731 INFO [JavaFX Application Thread] c.m.Main [HelloApplication.java:46] Program je pokrenut...
2024-02-03 18:51:21,544 INFO [JavaFX Application Thread] c.m.Main [HelloApplication.java:46] Program je pokrenut...
2024-02-03 18:53:38,797 INFO [JavaFX Application Thread] c.m.Main [HelloApplication.java:46] Program je pokrenut...
2024-02-03 18:54:35,475 INFO [JavaFX Application Thread] c.m.Main [HelloApplication.java:46] Program je pokrenut...
2024-02-03 19:44:36,161 INFO [JavaFX Application Thread] c.m.Main [HelloApplication.java:46] Program je pokrenut...
2024-02-03 19:46:24,520 INFO [JavaFX Application Thread] c.m.Main [HelloApplication.java:46] Program je pokrenut...
2024-02-03 19:47:44,945 INFO [JavaFX Application Thread] c.m.Main [HelloApplication.java:46] Program je pokrenut...
2024-02-03 19:49:55,081 INFO [JavaFX Application Thread] c.m.Main [HelloApplication.java:46] Program je pokrenut...
2024-02-03 19:52:04,666 INFO [JavaFX Application Thread] c.m.Main [HelloApplication.java:46] Program je pokrenut...
2024-02-03 19:55:31,986 INFO [JavaFX Application Thread] c.m.Main [HelloApplication.java:46] Program je pokrenut...
2024-02-04 13:22:19,061 INFO [JavaFX Application Thread] c.m.Main [HelloApplication.java:47] Program je pokrenut...
2024-02-04 13:23:06,610 INFO [JavaFX Application Thread] c.m.Main [HelloApplication.java:47] Program je pokrenut...
2024-02-04 13:24:55,778 INFO [JavaFX Application Thread] c.m.Main [HelloApplication.java:47] Program je pokrenut...
2024-02-04 13:49:05,405 INFO [JavaFX Application Thread] c.m.Main [HelloApplication.java:47] Program je pokrenut...
2024-02-04 13:50:20,711 INFO [JavaFX Application Thread] c.m.Main [HelloApplication.java:47] Program je pokrenut...
2024-02-04 13:51:57,938 INFO [JavaFX Application Thread] c.m.Main [HelloApplication.java:47] Program je pokrenut...
2024-02-04 13:52:22,225 INFO [JavaFX Application Thread] c.m.Main [HelloApplication.java:47] Program je pokrenut...
2024-02-04 13:54:34,786 INFO [JavaFX Application Thread] c.m.Main [HelloApplication.java:47] Program je pokrenut...
2024-02-04 13:56:42,210 INFO [JavaFX Application Thread] c.m.Main [HelloApplication.java:47] Program je pokrenut...
2024-02-04 13:58:45,343 INFO [JavaFX Application Thread] c.m.Main [HelloApplication.java:47] Program je pokrenut...
2024-02-04 14:02:47,526 INFO [JavaFX Application Thread] c.m.Main [HelloApplication.java:47] Program je pokrenut...
2024-02-04 14:03:56,490 INFO [JavaFX Application Thread] c.m.Main [HelloApplication.java:47] Program je pokrenut...
2024-02-04 14:04:47,136 INFO [JavaFX Application Thread] c.m.Main [HelloApplication.java:47] Program je pokrenut...
2024-02-04 14:05:46,605 ERROR [JavaFX Application Thread] c.m.Main [DatabaseUtils.java:99] Greška pri unosu novog uređaja u bazu podataka
2024-02-04 14:06:00,803 ERROR [JavaFX Application Thread] c.m.Main [DatabaseUtils.java:99] Greška pri unosu novog uređaja u bazu podataka
2024-02-04 14:06:13,955 ERROR [JavaFX Application Thread] c.m.Main [DatabaseUtils.java:99] Greška pri unosu novog uređaja u bazu podataka
2024-02-04 14:07:47,793 INFO [JavaFX Application Thread] c.m.Main [HelloApplication.java:47] Program je pokrenut...
2024-02-04 14:35:18,898 INFO [JavaFX Application Thread] c.m.Main [HelloApplication.java:47] Program je pokrenut...
2024-02-04 14:37:23,824 INFO [JavaFX Application Thread] c.m.Main [HelloApplication.java:47] Program je pokrenut...
2024-02-04 14:39:12,462 INFO [JavaFX Application Thread] c.m.Main [HelloApplication.java:47] Program je pokrenut...
2024-02-04 14:39:31,882 INFO [JavaFX Application Thread] c.m.Main [HelloApplication.java:47] Program je pokrenut...
2024-02-04 14:39:59,577 INFO [JavaFX Application Thread] c.m.Main [EnterNewCategoryController.java:86] Nisu uneseni podatci za promjenu kategorije
2024-02-04 14:41:11,377 INFO [JavaFX Application Thread] c.m.Main [HelloApplication.java:47] Program je pokrenut...
2024-02-04 14:42:03,680 INFO [JavaFX Application Thread] c.m.Main [HelloApplication.java:47] Program je pokrenut...
2024-02-04 14:43:44,419 INFO [JavaFX Application Thread] c.m.Main [HelloApplication.java:47] Program je pokrenut...
2024-02-04 16:34:57,520 INFO [JavaFX Application Thread] c.m.Main [HelloApplication.java:47] Program je pokrenut...
2024-02-04 16:35:11,262 INFO [JavaFX Application Thread] c.m.Main [EnterNewApplianceController.java:142] Appliance za promjenu nije izabrana
2024-02-04 16:35:16,030 INFO [JavaFX Application Thread] c.m.Main [EnterNewApplianceController.java:149] Nisu uneseni podatci za promjenu trošila
2024-02-04 16:37:45,023 INFO [JavaFX Application Thread] c.m.Main [HelloApplication.java:47] Program je pokrenut...
2024-02-04 16:39:07,428 INFO [JavaFX Application Thread] c.m.Main [HelloApplication.java:47] Program je pokrenut...
2024-02-04 16:50:21,676 INFO [JavaFX Application Thread] c.m.Main [HelloApplication.java:47] Program je pokrenut...
2024-02-04 16:51:57,443 INFO [JavaFX Application Thread] c.m.Main [HelloApplication.java:47] Program je pokrenut...
2024-02-04 16:53:12,045 INFO [JavaFX Application Thread] c.m.Main [HelloApplication.java:47] Program je pokrenut...
2024-02-04 16:53:27,763 INFO [JavaFX Application Thread] c.m.Main [EnterNewCategoryController.java:95] Nisu uneseni podatci za promjenu kategorije
2024-02-04 16:53:40,706 INFO [JavaFX Application Thread] c.m.Main [EnterNewCategoryController.java:86] Promjena podataka kategorije nije potvrđena
2024-02-04 16:54:35,726 INFO [JavaFX Application Thread] c.m.Main [HelloApplication.java:47] Program je pokrenut...
2024-02-04 16:54:49,282 INFO [JavaFX Application Thread] c.m.Main [EnterNewCategoryController.java:118] Promjena podataka kategorije nije potvrđena
2024-02-04 16:56:23,123 INFO [JavaFX Application Thread] c.m.Main [HelloApplication.java:47] Program je pokrenut...
2024-02-04 16:56:36,324 INFO [JavaFX Application Thread] c.m.Main [EnterNewApplianceController.java:167] Promjena podataka trošila nije potvrđena
2024-02-04 16:57:49,376 INFO [JavaFX Application Thread] c.m.Main [HelloApplication.java:47] Program je pokrenut...
2024-02-04 16:58:22,362 INFO [JavaFX Application Thread] c.m.Main [EnterNewApplianceController.java:143] Promjena podataka trošila nije potvrđena
2024-02-06 11:26:49,541 INFO [JavaFX Application Thread] c.m.Main [HelloApplication.java:47] Program je pokrenut...
2024-02-06 11:26:57,548 ERROR [JavaFX Application Thread] c.m.Main [DatabaseUtils.java:44] Greška pri spajanju na bazu podataka
2024-02-06 11:26:58,821 INFO [JavaFX Application Thread] c.m.Main [DatabaseUtils.java:71] Greška pri dohvaćanju svih uređaja iz baze podataka
2024-02-06 11:38:02,701 INFO [JavaFX Application Thread] c.m.Main [HelloApplication.java:47] Program je pokrenut...
2024-02-06 11:58:47,300 INFO [JavaFX Application Thread] c.m.Main [HelloApplication.java:47] Program je pokrenut...
2024-02-07 19:19:52,031 INFO [JavaFX Application Thread] c.m.Main [HelloApplication.java:47] Program je pokrenut...
2024-02-07 19:21:12,477 INFO [JavaFX Application Thread] c.m.Main [HelloApplication.java:47] Program je pokrenut...
2024-02-07 19:22:53,576 INFO [JavaFX Application Thread] c.m.Main [HelloApplication.java:47] Program je pokrenut...
2024-02-07 19:25:04,054 INFO [JavaFX Application Thread] c.m.Main [HelloApplication.java:47] Program je pokrenut...
2024-02-07 19:25:51,586 INFO [JavaFX Application Thread] c.m.Main [HelloApplication.java:47] Program je pokrenut...
2024-02-07 19:31:25,765 INFO [JavaFX Application Thread] c.m.Main [HelloApplication.java:47] Program je pokrenut...
2024-02-07 19:34:32,796 INFO [JavaFX Application Thread] c.m.Main [HelloApplication.java:47] Program je pokrenut...
2024-02-07 19:41:23,169 INFO [JavaFX Application Thread] c.m.Main [HelloApplication.java:47] Program je pokrenut...
2024-02-07 19:42:51,510 INFO [JavaFX Application Thread] c.m.Main [HelloApplication.java:47] Program je pokrenut...
2024-02-07 19:43:56,610 INFO [JavaFX Application Thread] c.m.Main [HelloApplication.java:47] Program je pokrenut...
2024-02-07 19:45:33,087 INFO [JavaFX Application Thread] c.m.Main [HelloApplication.java:47] Program je pokrenut...
2024-02-07 19:50:05,957 INFO [JavaFX Application Thread] c.m.Main [HelloApplication.java:47] Program je pokrenut...
2024-02-08 21:47:54,465 INFO [JavaFX Application Thread] c.m.Main [HelloApplication.java:44] Program je pokrenut...
2024-02-08 21:48:14,752 ERROR [JavaFX Application Thread] c.m.Main [DatabaseUtils.java:44] Greška pri spajanju na bazu podataka
2024-02-08 21:48:16,031 INFO [JavaFX Application Thread] c.m.Main [DatabaseUtils.java:73] Greška pri dohvaćanju svih uređaja iz baze podataka
2024-02-08 21:48:42,384 INFO [JavaFX Application Thread] c.m.Main [HelloApplication.java:44] Program je pokrenut...
2024-02-08 21:49:34,785 INFO [JavaFX Application Thread] c.m.Main [HelloApplication.java:44] Program je pokrenut...
2024-02-08 22:16:12,971 INFO [JavaFX Application Thread] c.m.Main [HelloApplication.java:44] Program je pokrenut...
2024-02-08 22:17:39,343 INFO [JavaFX Application Thread] c.m.Main [HelloApplication.java:44] Program je pokrenut...
2024-02-08 22:19:23,600 INFO [JavaFX Application Thread] c.m.Main [HelloApplication.java:44] Program je pokrenut...
2024-02-08 22:20:41,382 INFO [JavaFX Application Thread] c.m.Main [HelloApplication.java:44] Program je pokrenut...
2024-02-08 22:21:10,704 INFO [JavaFX Application Thread] c.m.Main [HelloApplication.java:44] Program je pokrenut...
2024-02-08 22:22:26,677 INFO [JavaFX Application Thread] c.m.Main [HelloApplication.java:44] Program je pokrenut...
2024-02-10 16:23:37,889 INFO [JavaFX Application Thread] c.m.Main [HelloApplication.java:43] Program je pokrenut...
2024-02-10 16:23:45,783 ERROR [JavaFX Application Thread] c.m.Main [DatabaseUtils.java:44] Greška pri spajanju na bazu podataka
2024-02-10 16:26:01,560 INFO [JavaFX Application Thread] c.m.Main [HelloApplication.java:43] Program je pokrenut...
2024-02-10 16:26:09,243 ERROR [JavaFX Application Thread] c.m.Main [DatabaseUtils.java:48] Greška pri spajanju na bazu podataka
2024-02-10 16:26:59,405 INFO [JavaFX Application Thread] c.m.Main [HelloApplication.java:43] Program je pokrenut...
2024-02-10 16:27:06,998 ERROR [JavaFX Application Thread] c.m.Main [DatabaseUtils.java:48] Greška pri spajanju na bazu podataka
2024-02-10 16:49:41,039 INFO [JavaFX Application Thread] c.m.Main [HelloApplication.java:43] Program je pokrenut...
2024-02-10 16:49:52,029 INFO [JavaFX Application Thread] c.m.Main [HelloApplication.java:43] Program je pokrenut...
2024-02-10 16:58:24,742 INFO [JavaFX Application Thread] c.m.Main [HelloApplication.java:43] Program je pokrenut...
2024-02-10 16:58:33,997 INFO [JavaFX Application Thread] c.m.Main [HelloApplication.java:43] Program je pokrenut...
2024-02-10 16:58:40,206 INFO [JavaFX Application Thread] c.m.Main [LoginController.java:40] Krivo uneseni podatci za prijavu u sustav.
2024-02-10 17:04:32,245 INFO [JavaFX Application Thread] c.m.Main [HelloApplication.java:43] Program je pokrenut...
2024-02-10 17:04:43,719 INFO [JavaFX Application Thread] c.m.Main [CreateNewAccountScreenController.java:62] Korisnik kojeg pokušavate kreirati već postoji u sustavu
2024-02-10 17:05:59,883 INFO [JavaFX Application Thread] c.m.Main [HelloApplication.java:43] Program je pokrenut...
2024-02-10 17:06:36,710 INFO [JavaFX Application Thread] c.m.Main [HelloApplication.java:43] Program je pokrenut...
2024-02-10 17:06:46,709 INFO [JavaFX Application Thread] c.m.Main [CreateNewAccountScreenController.java:62] Korisnik kojeg pokušavate kreirati već postoji u sustavu
2024-02-10 17:07:23,539 INFO [JavaFX Application Thread] c.m.Main [HelloApplication.java:43] Program je pokrenut...
2024-02-10 17:07:35,217 INFO [JavaFX Application Thread] c.m.Main [CreateNewAccountScreenController.java:62] Korisnik kojeg pokušavate kreirati već postoji u sustavu
2024-02-10 17:08:50,779 INFO [JavaFX Application Thread] c.m.Main [HelloApplication.java:43] Program je pokrenut...
2024-02-10 17:09:16,756 INFO [JavaFX Application Thread] c.m.Main [CreateNewAccountScreenController.java:62] Korisnik kojeg pokušavate kreirati već postoji u sustavu
2024-02-10 17:09:41,775 INFO [JavaFX Application Thread] c.m.Main [HelloApplication.java:43] Program je pokrenut...
2024-02-10 17:10:50,803 INFO [JavaFX Application Thread] c.m.Main [HelloApplication.java:43] Program je pokrenut...
2024-02-10 17:11:34,707 INFO [JavaFX Application Thread] c.m.Main [CreateNewAccountScreenController.java:62] Korisnik kojeg pokušavate kreirati već postoji u sustavu
2024-02-10 17:11:58,464 INFO [JavaFX Application Thread] c.m.Main [HelloApplication.java:43] Program je pokrenut...
2024-02-10 17:12:11,931 INFO [JavaFX Application Thread] c.m.Main [CreateNewAccountScreenController.java:63] Korisnik kojeg pokušavate kreirati već postoji u sustavu
2024-02-12 16:38:11,196 INFO [JavaFX Application Thread] c.m.Main [HelloApplication.java:44] Program je pokrenut...
2024-02-12 16:38:19,612 ERROR [JavaFX Application Thread] c.m.Main [DatabaseUtils.java:48] Greška pri spajanju na bazu podataka
2024-02-12 16:39:49,665 INFO [JavaFX Application Thread] c.m.Main [HelloApplication.java:44] Program je pokrenut...
2024-02-12 16:40:11,794 INFO [JavaFX Application Thread] c.m.Main [FileUtils.java:100] Greška kod serijaliziranja kategorija
2024-02-12 16:40:54,001 INFO [JavaFX Application Thread] c.m.Main [HelloApplication.java:44] Program je pokrenut...
2024-02-12 16:47:43,194 INFO [JavaFX Application Thread] c.m.Main [HelloApplication.java:44] Program je pokrenut...
2024-02-12 16:48:25,038 INFO [JavaFX Application Thread] c.m.Main [HelloApplication.java:44] Program je pokrenut...
2024-02-12 16:50:36,438 INFO [JavaFX Application Thread] c.m.Main [HelloApplication.java:44] Program je pokrenut...
2024-02-12 16:51:02,013 INFO [JavaFX Application Thread] c.m.Main [HelloApplication.java:44] Program je pokrenut...
2024-02-12 16:55:55,273 INFO [JavaFX Application Thread] c.m.Main [HelloApplication.java:44] Program je pokrenut...
2024-02-12 16:56:05,900 INFO [JavaFX Application Thread] c.m.Main [FileUtils.java:112] Kod deserijalizacije je došlo do greške pri čitanju ili nije nađena prava klasa
2024-02-12 16:56:20,453 INFO [JavaFX Application Thread] c.m.Main [FileUtils.java:112] Kod deserijalizacije je došlo do greške pri čitanju ili nije nađena prava klasa
2024-02-12 16:57:24,963 INFO [JavaFX Application Thread] c.m.Main [HelloApplication.java:44] Program je pokrenut...
2024-02-12 17:53:10,808 INFO [JavaFX Application Thread] c.m.Main [HelloApplication.java:44] Program je pokrenut...
2024-02-12 17:53:25,371 ERROR [JavaFX Application Thread] c.m.Main [DatabaseUtils.java:151] Greška pri brisanju kategorije iz baze podataka
2024-02-12 17:54:00,518 ERROR [JavaFX Application Thread] c.m.Main [DatabaseUtils.java:151] Greška pri brisanju kategorije iz baze podataka
2024-02-12 17:56:15,448 INFO [JavaFX Application Thread] c.m.Main [HelloApplication.java:45] Program je pokrenut...
2024-02-12 17:56:32,317 ERROR [JavaFX Application Thread] c.m.Main [DatabaseUtils.java:151] Greška pri brisanju kategorije iz baze podataka
2024-02-12 17:57:20,306 INFO [JavaFX Application Thread] c.m.Main [HelloApplication.java:45] Program je pokrenut...
2024-02-12 17:58:22,465 INFO [JavaFX Application Thread] c.m.Main [HelloApplication.java:45] Program je pokrenut...
2024-02-12 17:59:03,069 INFO [JavaFX Application Thread] c.m.Main [EnterNewCategoryController.java:114] Nisu uneseni podatci za promjenu kategorije
2024-02-12 18:03:35,651 INFO [JavaFX Application Thread] c.m.Main [HelloApplication.java:45] Program je pokrenut...
2024-02-12 18:03:49,417 INFO [JavaFX Application Thread] c.m.Main [EnterNewCategoryController.java:146] Promjena podataka kategorije nije potvrđena
2024-02-12 18:04:15,650 INFO [JavaFX Application Thread] c.m.Main [HelloApplication.java:45] Program je pokrenut...
2024-02-12 18:15:53,223 INFO [JavaFX Application Thread] c.m.Main [HelloApplication.java:45] Program je pokrenut...
2024-02-12 18:17:57,079 INFO [JavaFX Application Thread] c.m.Main [HelloApplication.java:45] Program je pokrenut...
2024-02-12 18:18:12,305 INFO [JavaFX Application Thread] c.m.Main [HelloApplication.java:45] Program je pokrenut...
2024-02-12 18:19:29,584 INFO [JavaFX Application Thread] c.m.Main [HelloApplication.java:45] Program je pokrenut...
2024-02-12 18:19:49,835 INFO [JavaFX Application Thread] c.m.Main [HelloApplication.java:45] Program je pokrenut...
2024-02-12 18:24:08,996 INFO [JavaFX Application Thread] c.m.Main [HelloApplication.java:45] Program je pokrenut...
2024-02-12 18:25:22,523 INFO [JavaFX Application Thread] c.m.Main [HelloApplication.java:45] Program je pokrenut...
2024-02-12 18:26:52,242 INFO [JavaFX Application Thread] c.m.Main [HelloApplication.java:45] Program je pokrenut...
2024-02-12 18:28:45,071 INFO [JavaFX Application Thread] c.m.Main [HelloApplication.java:45] Program je pokrenut...
2024-02-12 18:30:22,868 INFO [JavaFX Application Thread] c.m.Main [HelloApplication.java:45] Program je pokrenut...
2024-02-12 18:52:10,312 INFO [JavaFX Application Thread] c.m.Main [HelloApplication.java:46] Program je pokrenut...
2024-02-12 18:53:05,217 INFO [JavaFX Application Thread] c.m.Main [HelloApplication.java:46] Program je pokrenut...
2024-02-12 18:54:45,319 INFO [JavaFX Application Thread] c.m.Main [HelloApplication.java:46] Program je pokrenut...
2024-02-12 18:55:46,479 INFO [JavaFX Application Thread] c.m.Main [HelloApplication.java:46] Program je pokrenut...
2024-02-12 18:56:40,739 INFO [JavaFX Application Thread] c.m.Main [HelloApplication.java:46] Program je pokrenut...
2024-02-12 18:58:52,200 INFO [JavaFX Application Thread] c.m.Main [HelloApplication.java:46] Program je pokrenut...
2024-02-12 18:59:15,345 INFO [JavaFX Application Thread] c.m.Main [HelloApplication.java:46] Program je pokrenut...
2024-02-12 18:59:42,869 INFO [JavaFX Application Thread] c.m.Main [HelloApplication.java:46] Program je pokrenut...
2024-02-12 19:00:32,247 INFO [JavaFX Application Thread] c.m.Main [FileUtils.java:85] EOFException jer je kod deserijalizacije filea kod došao do kraja filea
2024-02-12 19:00:32,249 INFO [JavaFX Application Thread] c.m.Main [FileUtils.java:107] EOFException jer je kod deserijalizacije filea kod došao do kraja filea
2024-02-12 19:01:45,498 INFO [JavaFX Application Thread] c.m.Main [HelloApplication.java:46] Program je pokrenut...
2024-02-12 19:02:37,582 INFO [JavaFX Application Thread] c.m.Main [HelloApplication.java:46] Program je pokrenut...
2024-02-12 19:05:11,942 INFO [JavaFX Application Thread] c.m.Main [HelloApplication.java:46] Program je pokrenut...
2024-02-12 19:05:23,770 ERROR [JavaFX Application Thread] c.m.Main [DatabaseUtils.java:151] Greška pri brisanju kategorije iz baze podataka
2024-02-12 19:05:35,419 INFO [JavaFX Application Thread] c.m.Main [EnterNewCategoryController.java:118] Nisu uneseni podatci za promjenu kategorije
2024-02-12 19:07:14,276 INFO [JavaFX Application Thread] c.m.Main [HelloApplication.java:46] Program je pokrenut...
2024-02-12 19:10:59,725 INFO [JavaFX Application Thread] c.m.Main [HelloApplication.java:46] Program je pokrenut...
2024-02-12 19:20:53,796 INFO [JavaFX Application Thread] c.m.Main [HelloApplication.java:46] Program je pokrenut...
2024-02-12 19:21:08,879 ERROR [JavaFX Application Thread] c.m.Main [DatabaseUtils.java:151] Greška pri brisanju kategorije iz baze podataka
2024-02-12 19:22:37,137 INFO [JavaFX Application Thread] c.m.Main [HelloApplication.java:46] Program je pokrenut...
2024-02-12 19:23:04,019 INFO [JavaFX Application Thread] c.m.Main [HelloApplication.java:46] Program je pokrenut...
